
         ==============================
         S N O P T  7.7.1    (Nov 2018)
         ==============================
      Print file 18
      Summary file 19
      Minor print level               0
      Minimize
      Derivative level               3
      Iterations limit        10000000
      Minor iterations limit           10000
      Proximal iterations limit           10000
      Total character workspace             500
      Total integer workspace           32200
      Total real workspace           63900
      Major optimality tolerance  1.00000000E-05
      Major feasibility tolerance  1.00000000E-06
      Minor feasibility tolerance  1.00000000E-06
      Major iterations limit               0
      Partial prince               1
      Linesearch tolerance  9.90000000E-01
      Function precision  1.00000000E-10
      Verify level              -1
      Nonderivative linesearch               0
      Major step limit  1.00000000E-03
      Elastic weight  1.00000000E+04
1
 
 SNMEMB EXIT 100 -- finished successfully
 SNMEMB INFO 104 -- memory requirements estimated

         ==============================
         S N O P T  7.7.1    (Nov 2018)
         ==============================
      Print file 18
      Summary file 19
      Minor print level               0
      Minimize
      Derivative level               3
      Iterations limit        10000000
      Minor iterations limit           10000
      Proximal iterations limit           10000
      Total character workspace             500
      Total integer workspace          287237
      Total real workspace          267655
      Major optimality tolerance  1.00000000E-05
      Major feasibility tolerance  1.00000000E-06
      Minor feasibility tolerance  1.00000000E-06
      Major iterations limit               0
      Partial prince               1
      Linesearch tolerance  9.90000000E-01
      Function precision  1.00000000E-10
      Verify level              -1
      Nonderivative linesearch               0
      Major step limit  1.00000000E-03
      Elastic weight  1.00000000E+04
1
 
 Parameters
 ==========

 Files
 -----
 Solution file..........         0       Old basis file ........         0       Standard input.........         5
 Insert file............         0       New basis file ........         0       (Printer)..............        18
 Punch file.............         0       Backup basis file......         0       (Specs file)...........         0
 Load file..............         0       Dump file..............         0       Standard output........         6

 Frequencies
 -----------
 Print frequency........       100       Check frequency........        60       Save new basis map.....       100
 Summary frequency......       100       Factorization frequency        50       Expand frequency.......     10000

 QP subproblems
 --------------
 QPsolver Cholesky......
 Scale tolerance........     0.900       Minor feasibility tol..  1.00E-06       Iteration limit........  10000000
 Scale option...........         0       Minor optimality  tol..  1.00E-06       Minor print level......         0
 Crash tolerance........     0.100       Pivot tolerance........  3.25E-11       New superbasics........        99
 Crash option...........         3       Elastic weight.........  1.00E+04

 Partial pricing
 ---------------
 LP Partial price.......         1       Prtl price section ( A)       216       Prtl price section (-I)       101
 QP Partial price.......         1       Prtl price section ( A)       216       Prtl price section (-I)       101

 The SQP Method
 --------------
 Minimize...............                 Cold start.............                 Proximal Point method..     10000
 Nonlinear objectiv vars       216       Major optimality tol...  1.00E-05       Function precision.....  1.00E-10
 Unbounded step size....  1.00E+20       Superbasics limit......       216       Difference interval....  1.00E-05
 Unbounded objective....  1.00E+10       Reduced Hessian dim....       216       Central difference int.  4.64E-04
 Major step limit.......  1.00E-03       Nonderiv.  linesearch..                 Derivative level.......         3
