
 ==============================
 S N O P T  7.7.1    (Nov 2018)
 ==============================
 
 SNMEMB EXIT 100 -- finished successfully
 SNMEMB INFO 104 -- memory requirements estimated

 ==============================
 S N O P T  7.7.1    (Nov 2018)
 ==============================
 
 

 Nonlinear constraints     101     Linear constraints       0
 Nonlinear variables       216     Linear variables         0
 Jacobian  variables       216     Objective variables    216
 Total constraints         101     Total variables        216
 

 
 The user has defined   21816   out of   21816   constraint gradients.
 The user has defined     216   out of     216   objective  gradients.
 

 Major Minors     Step   nCon Feasible  Optimal  MeritFunction     nS Penalty
     0    389               1 (2.2E-08) 7.0E-01  4.5320479E-01     96           r
 
 SNOPTC EXIT  30 -- resource limit error
 SNOPTC INFO  32 -- major iteration limit reached

 Problem name                 Forward
 No. of iterations                 389   Objective            4.5320478621E-01
 No. of major iterations             0   Linear    obj. term  0.0000000000E+00
 Penalty parameter           0.000E+00   Nonlinear obj. term  4.5320478621E-01
 User function calls (total)         1   Calls with modes 1,2 (known g)      1
 No. of superbasics                 96   No. of basic nonlinears            43
 No. of degenerate steps             6   Percentage                       1.54
 Max x                     121 1.1E+00   Max pi                     20 2.2E+04
 Max Primal infeas         225 2.5E-08   Max Dual infeas           134 2.3E+04
 Nonlinear constraint violn    2.5E-08
 
 

 Solution printed on file  18
 
 Time for MPS input                             0.00 seconds
 Time for solving problem                      28.71 seconds
 Time for solution output                       0.00 seconds
 Time for constraint functions                 28.69 seconds
 Time for objective function                    0.00 seconds
